# JRE version: OpenJDK Runtime Environment Microsoft-9388422 (21.0.3+9) (build 21.0.3+9-LTS)
# Java VM: OpenJDK 64-Bit Server VM Microsoft-9388422 (21.0.3+9-LTS, mixed mode, sharing, tiered, compressed oops, compressed class ptrs, g1 gc, windows-amd64)
GC Precious Log:
 CardTable entry size: 512
 Card Set container configuration: InlinePtr #cards 4 size 8 Array Of Cards #cards 32 size 80 Howl #buckets 8 coarsen threshold 7372 Howl Bitmap #cards 1024 size 144 coarsen threshold 921 Card regions per heap region 1 cards per card region 8192
 CPUs: 16 total, 16 available
 Memory: 32632M
 Large Page Support: Disabled
 NUMA Support: Disabled
 Compressed Oops: Enabled (Zero based)
 Heap Region Size: 4M
 Heap Min Capacity: 8M
 Heap Initial Capacity: 512M
 Heap Max Capacity: 8160M
 Pre-touch: Disabled
 Parallel Workers: 13
 Concurrent Workers: 3
 Concurrent Refinement Workers: 13
 Periodic GC: Disabled
Heap:
 garbage-first heap   total 524288K, used 70343K [0x0000000602000000, 0x0000000800000000)
  region size 4096K, 18 young (73728K), 1 survivors (4096K)
 Metaspace       used 16574K, committed 16896K, reserved 1114112K
  class space    used 1820K, committed 1984K, reserved 1048576K
GC Heap History (20 events):
Event: 2357.694 GC heap before
{Heap before GC invocations=54 (full 0):
 garbage-first heap   total 524288K, used 312011K [0x0000000602000000, 0x0000000800000000)
  region size 4096K, 76 young (311296K), 1 survivors (4096K)
 Metaspace       used 16542K, committed 16896K, reserved 1114112K
  class space    used 1820K, committed 1984K, reserved 1048576K
}
Event: 2357.694 GC heap after
{Heap after GC invocations=55 (full 0):
 garbage-first heap   total 524288K, used 4806K [0x0000000602000000, 0x0000000800000000)
  region size 4096K, 1 young (4096K), 1 survivors (4096K)
 Metaspace       used 16542K, committed 16896K, reserved 1114112K
  class space    used 1820K, committed 1984K, reserved 1048576K
}
Event: 2402.896 GC heap before
{Heap before GC invocations=55 (full 0):
 garbage-first heap   total 524288K, used 312006K [0x0000000602000000, 0x0000000800000000)
  region size 4096K, 76 young (311296K), 1 survivors (4096K)
 Metaspace       used 16542K, committed 16896K, reserved 1114112K
  class space    used 1820K, committed 1984K, reserved 1048576K
}
Event: 2402.896 GC heap after
{Heap after GC invocations=56 (full 0):
 garbage-first heap   total 524288K, used 4810K [0x0000000602000000, 0x0000000800000000)
  region size 4096K, 1 young (4096K), 1 survivors (4096K)
 Metaspace       used 16542K, committed 16896K, reserved 1114112K
  class space    used 1820K, committed 1984K, reserved 1048576K
}
Event: 2448.253 GC heap before
{Heap before GC invocations=56 (full 0):
 garbage-first heap   total 524288K, used 312010K [0x0000000602000000, 0x0000000800000000)
  region size 4096K, 76 young (311296K), 1 survivors (4096K)
 Metaspace       used 16542K, committed 16896K, reserved 1114112K
  class space    used 1820K, committed 1984K, reserved 1048576K
}
Event: 2448.253 GC heap after
{Heap after GC invocations=57 (full 0):
 garbage-first heap   total 524288K, used 4807K [0x0000000602000000, 0x0000000800000000)
  region size 4096K, 1 young (4096K), 1 survivors (4096K)
 Metaspace       used 16542K, committed 16896K, reserved 1114112K
  class space    used 1820K, committed 1984K, reserved 1048576K
}
Event: 2493.409 GC heap before
{Heap before GC invocations=57 (full 0):
 garbage-first heap   total 524288K, used 312007K [0x0000000602000000, 0x0000000800000000)
  region size 4096K, 76 young (311296K), 1 survivors (4096K)
 Metaspace       used 16542K, committed 16896K, reserved 1114112K
  class space    used 1820K, committed 1984K, reserved 1048576K
}
Event: 2493.409 GC heap after
{Heap after GC invocations=58 (full 0):
 garbage-first heap   total 524288K, used 4810K [0x0000000602000000, 0x0000000800000000)
  region size 4096K, 1 young (4096K), 1 survivors (4096K)
 Metaspace       used 16542K, committed 16896K, reserved 1114112K
  class space    used 1820K, committed 1984K, reserved 1048576K
}
Event: 2538.486 GC heap before
{Heap before GC invocations=58 (full 0):
 garbage-first heap   total 524288K, used 312010K [0x0000000602000000, 0x0000000800000000)
  region size 4096K, 76 young (311296K), 1 survivors (4096K)
 Metaspace       used 16542K, committed 16896K, reserved 1114112K
  class space    used 1820K, committed 1984K, reserved 1048576K
}
Event: 2538.486 GC heap after
{Heap after GC invocations=59 (full 0):
 garbage-first heap   total 524288K, used 4810K [0x0000000602000000, 0x0000000800000000)
  region size 4096K, 1 young (4096K), 1 survivors (4096K)
 Metaspace       used 16542K, committed 16896K, reserved 1114112K
  class space    used 1820K, committed 1984K, reserved 1048576K
}
Event: 2583.235 GC heap before
{Heap before GC invocations=59 (full 0):
 garbage-first heap   total 524288K, used 312010K [0x0000000602000000, 0x0000000800000000)
  region size 4096K, 76 young (311296K), 1 survivors (4096K)
 Metaspace       used 16542K, committed 16896K, reserved 1114112K
  class space    used 1820K, committed 1984K, reserved 1048576K
}
Event: 2583.236 GC heap after
{Heap after GC invocations=60 (full 0):
 garbage-first heap   total 524288K, used 4808K [0x0000000602000000, 0x0000000800000000)
  region size 4096K, 1 young (4096K), 1 survivors (4096K)
 Metaspace       used 16542K, committed 16896K, reserved 1114112K
  class space    used 1820K, committed 1984K, reserved 1048576K
}
Event: 2628.368 GC heap before
{Heap before GC invocations=60 (full 0):
 garbage-first heap   total 524288K, used 312008K [0x0000000602000000, 0x0000000800000000)
  region size 4096K, 76 young (311296K), 1 survivors (4096K)
 Metaspace       used 16542K, committed 16896K, reserved 1114112K
  class space    used 1820K, committed 1984K, reserved 1048576K
}
Event: 2628.368 GC heap after
{Heap after GC invocations=61 (full 0):
 garbage-first heap   total 524288K, used 4810K [0x0000000602000000, 0x0000000800000000)
  region size 4096K, 1 young (4096K), 1 survivors (4096K)
 Metaspace       used 16542K, committed 16896K, reserved 1114112K
  class space    used 1820K, committed 1984K, reserved 1048576K
}
Event: 2673.555 GC heap before
{Heap before GC invocations=61 (full 0):
 garbage-first heap   total 524288K, used 312010K [0x0000000602000000, 0x0000000800000000)
  region size 4096K, 76 young (311296K), 1 survivors (4096K)
 Metaspace       used 16542K, committed 16896K, reserved 1114112K
  class space    used 1820K, committed 1984K, reserved 1048576K
}
Event: 2673.556 GC heap after
{Heap after GC invocations=62 (full 0):
 garbage-first heap   total 524288K, used 4809K [0x0000000602000000, 0x0000000800000000)
  region size 4096K, 1 young (4096K), 1 survivors (4096K)
 Metaspace       used 16542K, committed 16896K, reserved 1114112K
  class space    used 1820K, committed 1984K, reserved 1048576K
}
Event: 2718.619 GC heap before
{Heap before GC invocations=62 (full 0):
 garbage-first heap   total 524288K, used 312009K [0x0000000602000000, 0x0000000800000000)
  region size 4096K, 76 young (311296K), 1 survivors (4096K)
 Metaspace       used 16542K, committed 16896K, reserved 1114112K
  class space    used 1820K, committed 1984K, reserved 1048576K
}
Event: 2718.619 GC heap after
{Heap after GC invocations=63 (full 0):
 garbage-first heap   total 524288K, used 4806K [0x0000000602000000, 0x0000000800000000)
  region size 4096K, 1 young (4096K), 1 survivors (4096K)
 Metaspace       used 16542K, committed 16896K, reserved 1114112K
  class space    used 1820K, committed 1984K, reserved 1048576K
}
Event: 2763.511 GC heap before
{Heap before GC invocations=63 (full 0):
 garbage-first heap   total 524288K, used 312006K [0x0000000602000000, 0x0000000800000000)
  region size 4096K, 76 young (311296K), 1 survivors (4096K)
 Metaspace       used 16543K, committed 16896K, reserved 1114112K
  class space    used 1820K, committed 1984K, reserved 1048576K
}
Event: 2763.511 GC heap after
{Heap after GC invocations=64 (full 0):
 garbage-first heap   total 524288K, used 4807K [0x0000000602000000, 0x0000000800000000)
  region size 4096K, 1 young (4096K), 1 survivors (4096K)
 Metaspace       used 16543K, committed 16896K, reserved 1114112K
  class space    used 1820K, committed 1984K, reserved 1048576K
}

