# JRE version: OpenJDK Runtime Environment Temurin-21.0.8+9 (21.0.8+9) (build 21.0.8+9-LTS)
# Java VM: OpenJDK 64-Bit Server VM Temurin-21.0.8+9 (21.0.8+9-LTS, mixed mode, sharing, tiered, compressed oops, compressed class ptrs, g1 gc, windows-amd64)
GC Precious Log:
 CardTable entry size: 512
 Card Set container configuration: InlinePtr #cards 4 size 8 Array Of Cards #cards 32 size 80 Howl #buckets 8 coarsen threshold 7372 Howl Bitmap #cards 1024 size 144 coarsen threshold 921 Card regions per heap region 1 cards per card region 8192
 CPUs: 16 total, 16 available
 Memory: 32632M
 Large Page Support: Disabled
 NUMA Support: Disabled
 Compressed Oops: Enabled (Zero based)
 Heap Region Size: 4M
 Heap Min Capacity: 8M
 Heap Initial Capacity: 512M
 Heap Max Capacity: 8160M
 Pre-touch: Disabled
 Parallel Workers: 13
 Concurrent Workers: 3
 Concurrent Refinement Workers: 13
 Periodic GC: Disabled
Heap:
 garbage-first heap   total 524288K, used 167898K [0x0000000602000000, 0x0000000800000000)
  region size 4096K, 42 young (172032K), 1 survivors (4096K)
 Metaspace       used 16959K, committed 17216K, reserved 1114112K
  class space    used 1902K, committed 2048K, reserved 1048576K
GC Heap History (6 events):
Event: 5.673 GC heap before
{Heap before GC invocations=0 (full 0):
 garbage-first heap   total 524288K, used 24576K [0x0000000602000000, 0x0000000800000000)
  region size 4096K, 6 young (24576K), 0 survivors (0K)
 Metaspace       used 16409K, committed 16768K, reserved 1114112K
  class space    used 1871K, committed 2048K, reserved 1048576K
}
Event: 5.676 GC heap after
{Heap after GC invocations=1 (full 0):
 garbage-first heap   total 524288K, used 3743K [0x0000000602000000, 0x0000000800000000)
  region size 4096K, 1 young (4096K), 1 survivors (4096K)
 Metaspace       used 16409K, committed 16768K, reserved 1114112K
  class space    used 1871K, committed 2048K, reserved 1048576K
}
Event: 5.877 GC heap before
{Heap before GC invocations=1 (full 0):
 garbage-first heap   total 524288K, used 36511K [0x0000000602000000, 0x0000000800000000)
  region size 4096K, 9 young (36864K), 1 survivors (4096K)
 Metaspace       used 16816K, committed 17088K, reserved 1114112K
  class space    used 1902K, committed 2048K, reserved 1048576K
}
Event: 5.880 GC heap after
{Heap after GC invocations=2 (full 0):
 garbage-first heap   total 524288K, used 4007K [0x0000000602000000, 0x0000000800000000)
  region size 4096K, 1 young (4096K), 1 survivors (4096K)
 Metaspace       used 16816K, committed 17088K, reserved 1114112K
  class space    used 1902K, committed 2048K, reserved 1048576K
}
Event: 6.329 GC heap before
{Heap before GC invocations=2 (full 0):
 garbage-first heap   total 524288K, used 130983K [0x0000000602000000, 0x0000000800000000)
  region size 4096K, 32 young (131072K), 1 survivors (4096K)
 Metaspace       used 16839K, committed 17152K, reserved 1114112K
  class space    used 1902K, committed 2048K, reserved 1048576K
}
Event: 6.331 GC heap after
{Heap after GC invocations=3 (full 0):
 garbage-first heap   total 524288K, used 4058K [0x0000000602000000, 0x0000000800000000)
  region size 4096K, 1 young (4096K), 1 survivors (4096K)
 Metaspace       used 16839K, committed 17152K, reserved 1114112K
  class space    used 1902K, committed 2048K, reserved 1048576K
}

