# JRE version: OpenJDK Runtime Environment Microsoft-9388422 (21.0.3+9) (build 21.0.3+9-LTS)
# Java VM: OpenJDK 64-Bit Server VM Microsoft-9388422 (21.0.3+9-LTS, mixed mode, sharing, tiered, compressed oops, compressed class ptrs, g1 gc, windows-amd64)
GC Precious Log:
 CardTable entry size: 512
 Card Set container configuration: InlinePtr #cards 4 size 8 Array Of Cards #cards 32 size 80 Howl #buckets 8 coarsen threshold 7372 Howl Bitmap #cards 1024 size 144 coarsen threshold 921 Card regions per heap region 1 cards per card region 8192
 CPUs: 16 total, 16 available
 Memory: 32632M
 Large Page Support: Disabled
 NUMA Support: Disabled
 Compressed Oops: Enabled (Zero based)
 Heap Region Size: 4M
 Heap Min Capacity: 8M
 Heap Initial Capacity: 512M
 Heap Max Capacity: 8160M
 Pre-touch: Disabled
 Parallel Workers: 13
 Concurrent Workers: 3
 Concurrent Refinement Workers: 13
 Periodic GC: Disabled
Heap:
 garbage-first heap   total 524288K, used 90471K [0x0000000602000000, 0x0000000800000000)
  region size 4096K, 23 young (94208K), 1 survivors (4096K)
 Metaspace       used 17686K, committed 17920K, reserved 1114112K
  class space    used 1937K, committed 2048K, reserved 1048576K
GC Heap History (20 events):
Event: 3157.160 GC heap before
{Heap before GC invocations=81 (full 0):
 garbage-first heap   total 524288K, used 311657K [0x0000000602000000, 0x0000000800000000)
  region size 4096K, 76 young (311296K), 1 survivors (4096K)
 Metaspace       used 17661K, committed 17920K, reserved 1114112K
  class space    used 1937K, committed 2048K, reserved 1048576K
}
Event: 3157.161 GC heap after
{Heap after GC invocations=82 (full 0):
 garbage-first heap   total 524288K, used 4455K [0x0000000602000000, 0x0000000800000000)
  region size 4096K, 1 young (4096K), 1 survivors (4096K)
 Metaspace       used 17661K, committed 17920K, reserved 1114112K
  class space    used 1937K, committed 2048K, reserved 1048576K
}
Event: 3197.002 GC heap before
{Heap before GC invocations=82 (full 0):
 garbage-first heap   total 524288K, used 311655K [0x0000000602000000, 0x0000000800000000)
  region size 4096K, 76 young (311296K), 1 survivors (4096K)
 Metaspace       used 17661K, committed 17920K, reserved 1114112K
  class space    used 1937K, committed 2048K, reserved 1048576K
}
Event: 3197.002 GC heap after
{Heap after GC invocations=83 (full 0):
 garbage-first heap   total 524288K, used 4455K [0x0000000602000000, 0x0000000800000000)
  region size 4096K, 1 young (4096K), 1 survivors (4096K)
 Metaspace       used 17661K, committed 17920K, reserved 1114112K
  class space    used 1937K, committed 2048K, reserved 1048576K
}
Event: 3236.568 GC heap before
{Heap before GC invocations=83 (full 0):
 garbage-first heap   total 524288K, used 311655K [0x0000000602000000, 0x0000000800000000)
  region size 4096K, 76 young (311296K), 1 survivors (4096K)
 Metaspace       used 17661K, committed 17920K, reserved 1114112K
  class space    used 1937K, committed 2048K, reserved 1048576K
}
Event: 3236.568 GC heap after
{Heap after GC invocations=84 (full 0):
 garbage-first heap   total 524288K, used 4457K [0x0000000602000000, 0x0000000800000000)
  region size 4096K, 1 young (4096K), 1 survivors (4096K)
 Metaspace       used 17661K, committed 17920K, reserved 1114112K
  class space    used 1937K, committed 2048K, reserved 1048576K
}
Event: 3276.055 GC heap before
{Heap before GC invocations=84 (full 0):
 garbage-first heap   total 524288K, used 311657K [0x0000000602000000, 0x0000000800000000)
  region size 4096K, 76 young (311296K), 1 survivors (4096K)
 Metaspace       used 17661K, committed 17920K, reserved 1114112K
  class space    used 1937K, committed 2048K, reserved 1048576K
}
Event: 3276.056 GC heap after
{Heap after GC invocations=85 (full 0):
 garbage-first heap   total 524288K, used 4455K [0x0000000602000000, 0x0000000800000000)
  region size 4096K, 1 young (4096K), 1 survivors (4096K)
 Metaspace       used 17661K, committed 17920K, reserved 1114112K
  class space    used 1937K, committed 2048K, reserved 1048576K
}
Event: 3315.985 GC heap before
{Heap before GC invocations=85 (full 0):
 garbage-first heap   total 524288K, used 311655K [0x0000000602000000, 0x0000000800000000)
  region size 4096K, 76 young (311296K), 1 survivors (4096K)
 Metaspace       used 17661K, committed 17920K, reserved 1114112K
  class space    used 1937K, committed 2048K, reserved 1048576K
}
Event: 3315.985 GC heap after
{Heap after GC invocations=86 (full 0):
 garbage-first heap   total 524288K, used 4457K [0x0000000602000000, 0x0000000800000000)
  region size 4096K, 1 young (4096K), 1 survivors (4096K)
 Metaspace       used 17661K, committed 17920K, reserved 1114112K
  class space    used 1937K, committed 2048K, reserved 1048576K
}
Event: 3355.655 GC heap before
{Heap before GC invocations=86 (full 0):
 garbage-first heap   total 524288K, used 311657K [0x0000000602000000, 0x0000000800000000)
  region size 4096K, 76 young (311296K), 1 survivors (4096K)
 Metaspace       used 17661K, committed 17920K, reserved 1114112K
  class space    used 1937K, committed 2048K, reserved 1048576K
}
Event: 3355.655 GC heap after
{Heap after GC invocations=87 (full 0):
 garbage-first heap   total 524288K, used 4453K [0x0000000602000000, 0x0000000800000000)
  region size 4096K, 1 young (4096K), 1 survivors (4096K)
 Metaspace       used 17661K, committed 17920K, reserved 1114112K
  class space    used 1937K, committed 2048K, reserved 1048576K
}
Event: 3395.277 GC heap before
{Heap before GC invocations=87 (full 0):
 garbage-first heap   total 524288K, used 311653K [0x0000000602000000, 0x0000000800000000)
  region size 4096K, 76 young (311296K), 1 survivors (4096K)
 Metaspace       used 17661K, committed 17920K, reserved 1114112K
  class space    used 1937K, committed 2048K, reserved 1048576K
}
Event: 3395.277 GC heap after
{Heap after GC invocations=88 (full 0):
 garbage-first heap   total 524288K, used 4458K [0x0000000602000000, 0x0000000800000000)
  region size 4096K, 1 young (4096K), 1 survivors (4096K)
 Metaspace       used 17661K, committed 17920K, reserved 1114112K
  class space    used 1937K, committed 2048K, reserved 1048576K
}
Event: 3434.935 GC heap before
{Heap before GC invocations=88 (full 0):
 garbage-first heap   total 524288K, used 311658K [0x0000000602000000, 0x0000000800000000)
  region size 4096K, 76 young (311296K), 1 survivors (4096K)
 Metaspace       used 17661K, committed 17920K, reserved 1114112K
  class space    used 1937K, committed 2048K, reserved 1048576K
}
Event: 3434.936 GC heap after
{Heap after GC invocations=89 (full 0):
 garbage-first heap   total 524288K, used 4457K [0x0000000602000000, 0x0000000800000000)
  region size 4096K, 1 young (4096K), 1 survivors (4096K)
 Metaspace       used 17661K, committed 17920K, reserved 1114112K
  class space    used 1937K, committed 2048K, reserved 1048576K
}
Event: 3474.334 GC heap before
{Heap before GC invocations=89 (full 0):
 garbage-first heap   total 524288K, used 311657K [0x0000000602000000, 0x0000000800000000)
  region size 4096K, 76 young (311296K), 1 survivors (4096K)
 Metaspace       used 17661K, committed 17920K, reserved 1114112K
  class space    used 1937K, committed 2048K, reserved 1048576K
}
Event: 3474.334 GC heap after
{Heap after GC invocations=90 (full 0):
 garbage-first heap   total 524288K, used 4455K [0x0000000602000000, 0x0000000800000000)
  region size 4096K, 1 young (4096K), 1 survivors (4096K)
 Metaspace       used 17661K, committed 17920K, reserved 1114112K
  class space    used 1937K, committed 2048K, reserved 1048576K
}
Event: 3513.677 GC heap before
{Heap before GC invocations=90 (full 0):
 garbage-first heap   total 524288K, used 311655K [0x0000000602000000, 0x0000000800000000)
  region size 4096K, 76 young (311296K), 1 survivors (4096K)
 Metaspace       used 17661K, committed 17920K, reserved 1114112K
  class space    used 1937K, committed 2048K, reserved 1048576K
}
Event: 3513.677 GC heap after
{Heap after GC invocations=91 (full 0):
 garbage-first heap   total 524288K, used 4455K [0x0000000602000000, 0x0000000800000000)
  region size 4096K, 1 young (4096K), 1 survivors (4096K)
 Metaspace       used 17661K, committed 17920K, reserved 1114112K
  class space    used 1937K, committed 2048K, reserved 1048576K
}

